#
# A fatal error has been detected by the Java Runtime Environment:
#
#  SIGBUS (0x7) at pc=0x00007fef69057a82, pid=5855, tid=140666002040576
#
# JRE version: 7.0_05-b06
# Java VM: Java HotSpot(TM) 64-Bit Server VM (23.1-b03 mixed mode linux-amd64 compressed oops)
# Problematic frame:
# C  [libzip.so+0x4a82]  newEntry+0x62
#
# Failed to write core dump. Core dumps have been disabled. To enable core dumping, try "ulimit -c unlimited" before starting Java again
#
# If you would like to submit a bug report, please visit:
#   http://bugreport.sun.com/bugreport/crash.jsp
# The crash happened outside the Java Virtual Machine in native code.
# See problematic frame for where to report the bug.
#

---------------  T H R E A D  ---------------

Current thread (0x00000000025a2800):  JavaThread "pool-1-thread-2" [_thread_in_native, id=6139, stack(0x00007fef5b056000,0x00007fef5b157000)]

siginfo:si_signo=SIGBUS: si_errno=0, si_code=2 (BUS_ADRERR), si_addr=0x00007fef60b4feba

Registers:
RAX=0x0000000001e161f0, RBX=0x00007fef5c02e6d0, RCX=0x0000000001e161e0, RDX=0x0000003ed6987ea0
RSP=0x00007fef5b153990, RBP=0x00007fef5b1539e0, RSI=0x0000000000000048, RDI=0x0000003ed6987ea0
R8 =0x0000000001e161e0, R9 =0x000000000000000f, R10=0x00007fef66064f44, R11=0x692f7a6b6e2f7572
R12=0x00007fef60b4fe9d, R13=0x0000000001e161f0, R14=0x0000000008b9969b, R15=0x00007fef5c02d710
RIP=0x00007fef69057a82, EFLAGS=0x0000000000010202, CSGSFS=0x0000000000000033, ERR=0x0000000000000004
  TRAPNO=0x000000000000000e

Top of Stack: (sp=0x00007fef5b153990)
0x00007fef5b153990:   00000000be600d10 0000000000000000
0x00007fef5b1539a0:   00007fef5c02d840 00007fef6a509acc
0x00007fef5b1539b0:   0000000001e161f0 00007fef5c02e6d0
0x00007fef5b1539c0:   00007fef5c02d710 0000000002115bf0
0x00007fef5b1539d0:   0000000008b9969b 00007fef5b153a40
0x00007fef5b1539e0:   00007fef5b153a20 00007fef690581c8
0x00007fef5b1539f0:   000000525b153a20 00007fef5b153a40
0x00007fef5b153a00:   0000000000000052 00000000025a29d8
0x00007fef5b153a10:   00007fef5b153a40 00007fef5b153f18
0x00007fef5b153a20:   00007fef5b153e80 00007fef69056ffd
0x00007fef5b153a30:   0100000000000000 00007fef5c02d710
0x00007fef5b153a40:   692f7a6b6e2f7572 68742f6f7a676376
0x00007fef5b153a50:   7765695674666972 542f7463656c6553
0x00007fef5b153a60:   6569567466697268 247463656c655377
0x00007fef5b153a70:   697373616c437369 646f635072656966
0x00007fef5b153a80:   5f72656765746e49 616c632e73677261
0x00007fef5b153a90:   0000000000007373 0000000000010100
0x00007fef5b153aa0:   0000000000000000 00007fef5b153a58
0x00007fef5b153ab0:   00007fef5b153a99 0000000800000002
0x00007fef5b153ac0:   0000000000000000 0000003ed6649ff6
0x00007fef5b153ad0:   00007fef5b153ee4 00007fef6a6ec238
0x00007fef5b153ae0:   0000000000000064 00007fef6a6ec229
0x00007fef5b153af0:   00007fef5b153ee8 0000000200000000
0x00007fef5b153b00:   0000000001e6e698 0000000001ceb761
0x00007fef5b153b10:   0000000000000010 0000000000000000
0x00007fef5b153b20:   00000000025a2800 0000000001d1cdf0
0x00007fef5b153b30:   0000000002783358 00000000025a2800
0x00007fef5b153b40:   00007fef5b153cf0 00007fef6a36efbb
0x00007fef5b153b50:   00000000025a2800 00007fef66059158
0x00007fef5b153b60:   0000000000000094 0000000002783350
0x00007fef5b153b70:   00007fef6aaaefd0 0000000001ceb760
0x00007fef5b153b80:   00000000ec611a48 0000000000000000 

Instructions: (pc=0x00007fef69057a82)
0x00007fef69057a62:   00 48 c7 40 28 00 00 00 00 41 80 7f 30 00 0f 84
0x00007fef69057a72:   8a 02 00 00 4c 8b 63 08 4d 2b 67 28 4d 03 67 18
0x00007fef69057a82:   41 0f b6 5c 24 1d 41 0f b6 44 24 1c c1 e3 08 09
0x00007fef69057a92:   c3 41 0f b6 44 24 1e 88 45 bd 41 0f b6 54 24 20 

Register to memory mapping:

RAX=0x0000000001e161f0 is an unknown value
RBX=0x00007fef5c02e6d0 is an unknown value
RCX=0x0000000001e161e0 is an unknown value
RDX=0x0000003ed6987ea0: <offset 0x387ea0> in /lib64/libc.so.6 at 0x0000003ed6600000
RSP=0x00007fef5b153990 is pointing into the stack for thread: 0x00000000025a2800
RBP=0x00007fef5b1539e0 is pointing into the stack for thread: 0x00000000025a2800
RSI=0x0000000000000048 is an unknown value
RDI=0x0000003ed6987ea0: <offset 0x387ea0> in /lib64/libc.so.6 at 0x0000003ed6600000
R8 =0x0000000001e161e0 is an unknown value
R9 =0x000000000000000f is an unknown value
R10=0x00007fef66064f44 is an Interpreter codelet
method entry point (kind = native)  [0x00007fef66064ce0, 0x00007fef66065520]  2112 bytes
R11=0x692f7a6b6e2f7572 is an unknown value
R12=0x00007fef60b4fe9d is an unknown value
R13=0x0000000001e161f0 is an unknown value
R14=0x0000000008b9969b is an unknown value
R15=0x00007fef5c02d710 is an unknown value


Stack: [0x00007fef5b056000,0x00007fef5b157000],  sp=0x00007fef5b153990,  free space=1014k
Native frames: (J=compiled Java code, j=interpreted, Vv=VM code, C=native code)
C  [libzip.so+0x4a82]  newEntry+0x62
C  [libzip.so+0x51c8]  ZIP_GetEntry+0xd8
C  [libzip.so+0x3ffd]  Java_java_util_zip_ZipFile_getEntry+0xad
j  java.util.zip.ZipFile.getEntry(J[BZ)J+0
j  java.util.zip.ZipFile.getEntry(Ljava/lang/String;)Ljava/util/zip/ZipEntry;+38
j  java.util.jar.JarFile.getEntry(Ljava/lang/String;)Ljava/util/zip/ZipEntry;+2
j  java.util.jar.JarFile.getJarEntry(Ljava/lang/String;)Ljava/util/jar/JarEntry;+2
j  sun.misc.URLClassPath$JarLoader.getResource(Ljava/lang/String;Z)Lsun/misc/Resource;+48
j  sun.misc.URLClassPath.getResource(Ljava/lang/String;Z)Lsun/misc/Resource;+53
j  java.net.URLClassLoader$1.run()Ljava/lang/Class;+26
j  java.net.URLClassLoader$1.run()Ljava/lang/Object;+1
v  ~StubRoutines::call_stub
V  [libjvm.so+0x54dfd5]  JavaCalls::call_helper(JavaValue*, methodHandle*, JavaCallArguments*, Thread*)+0x355
V  [libjvm.so+0x54caf8]  JavaCalls::call(JavaValue*, methodHandle, JavaCallArguments*, Thread*)+0x28
V  [libjvm.so+0x5a76f8]  JVM_DoPrivileged+0x218
j  java.security.AccessController.doPrivileged(Ljava/security/PrivilegedExceptionAction;Ljava/security/AccessControlContext;)Ljava/lang/Object;+0
j  java.net.URLClassLoader.findClass(Ljava/lang/String;)Ljava/lang/Class;+13
j  java.lang.ClassLoader.loadClass(Ljava/lang/String;Z)Ljava/lang/Class;+70
j  java.lang.ClassLoader.loadClass(Ljava/lang/String;)Ljava/lang/Class;+3
v  ~StubRoutines::call_stub
V  [libjvm.so+0x54dfd5]  JavaCalls::call_helper(JavaValue*, methodHandle*, JavaCallArguments*, Thread*)+0x355
V  [libjvm.so+0x54caf8]  JavaCalls::call(JavaValue*, methodHandle, JavaCallArguments*, Thread*)+0x28
V  [libjvm.so+0x54cd8c]  JavaCalls::call_virtual(JavaValue*, KlassHandle, Symbol*, Symbol*, JavaCallArguments*, Thread*)+0x17c
V  [libjvm.so+0x54ce66]  JavaCalls::call_virtual(JavaValue*, Handle, KlassHandle, Symbol*, Symbol*, Handle, Thread*)+0x56
V  [libjvm.so+0x82e339]  SystemDictionary::load_instance_class(Symbol*, Handle, Thread*)+0x449
V  [libjvm.so+0x82eab1]  SystemDictionary::resolve_instance_class_or_null(Symbol*, Handle, Handle, Thread*)+0x761
V  [libjvm.so+0x82f074]  SystemDictionary::resolve_or_fail(Symbol*, Handle, Handle, bool, Thread*)+0x34
V  [libjvm.so+0x4026d0]  constantPoolOopDesc::klass_at_impl(constantPoolHandle, int, Thread*)+0x270
V  [libjvm.so+0x545a84]  InterpreterRuntime::_new(JavaThread*, constantPoolOopDesc*, int)+0x74
j  ru.nkz.ivcgzo.thriftViewSelect.ThriftViewSelect$Processor$isClassifierPcodInteger.getEmptyArgsInstance()Lru/nkz/ivcgzo/thriftViewSelect/ThriftViewSelect$isClassifierPcodInteger_args;+0
j  ru.nkz.ivcgzo.thriftViewSelect.ThriftViewSelect$Processor$isClassifierPcodInteger.getEmptyArgsInstance()Lorg/apache/thrift/TBase;+1
j  org.apache.thrift.ProcessFunction.process(ILorg/apache/thrift/protocol/TProtocol;Lorg/apache/thrift/protocol/TProtocol;Ljava/lang/Object;)V+1
j  org.apache.thrift.TBaseProcessor.process(Lorg/apache/thrift/protocol/TProtocol;Lorg/apache/thrift/protocol/TProtocol;)Z+126
j  org.apache.thrift.server.AbstractNonblockingServer$FrameBuffer.invoke()V+49
j  org.apache.thrift.server.Invocation.run()V+4
j  java.util.concurrent.ThreadPoolExecutor.runWorker(Ljava/util/concurrent/ThreadPoolExecutor$Worker;)V+46
j  java.util.concurrent.ThreadPoolExecutor$Worker.run()V+5
j  java.lang.Thread.run()V+11
v  ~StubRoutines::call_stub
V  [libjvm.so+0x54dfd5]  JavaCalls::call_helper(JavaValue*, methodHandle*, JavaCallArguments*, Thread*)+0x355
V  [libjvm.so+0x54caf8]  JavaCalls::call(JavaValue*, methodHandle, JavaCallArguments*, Thread*)+0x28
V  [libjvm.so+0x54cd8c]  JavaCalls::call_virtual(JavaValue*, KlassHandle, Symbol*, Symbol*, JavaCallArguments*, Thread*)+0x17c
V  [libjvm.so+0x54ceb7]  JavaCalls::call_virtual(JavaValue*, Handle, KlassHandle, Symbol*, Symbol*, Thread*)+0x47
V  [libjvm.so+0x5a6eef]  thread_entry(JavaThread*, Thread*)+0xdf
V  [libjvm.so+0x8602e8]  JavaThread::thread_main_inner()+0xc8
V  [libjvm.so+0x860438]  JavaThread::run()+0x138
V  [libjvm.so+0x7420a0]  java_start(Thread*)+0x100

Java frames: (J=compiled Java code, j=interpreted, Vv=VM code)
j  java.util.zip.ZipFile.getEntry(J[BZ)J+0
j  java.util.zip.ZipFile.getEntry(Ljava/lang/String;)Ljava/util/zip/ZipEntry;+38
j  java.util.jar.JarFile.getEntry(Ljava/lang/String;)Ljava/util/zip/ZipEntry;+2
j  java.util.jar.JarFile.getJarEntry(Ljava/lang/String;)Ljava/util/jar/JarEntry;+2
j  sun.misc.URLClassPath$JarLoader.getResource(Ljava/lang/String;Z)Lsun/misc/Resource;+48
j  sun.misc.URLClassPath.getResource(Ljava/lang/String;Z)Lsun/misc/Resource;+53
j  java.net.URLClassLoader$1.run()Ljava/lang/Class;+26
j  java.net.URLClassLoader$1.run()Ljava/lang/Object;+1
v  ~StubRoutines::call_stub
j  java.security.AccessController.doPrivileged(Ljava/security/PrivilegedExceptionAction;Ljava/security/AccessControlContext;)Ljava/lang/Object;+0
j  java.net.URLClassLoader.findClass(Ljava/lang/String;)Ljava/lang/Class;+13
j  java.lang.ClassLoader.loadClass(Ljava/lang/String;Z)Ljava/lang/Class;+70
j  java.lang.ClassLoader.loadClass(Ljava/lang/String;)Ljava/lang/Class;+3
v  ~StubRoutines::call_stub
j  ru.nkz.ivcgzo.thriftViewSelect.ThriftViewSelect$Processor$isClassifierPcodInteger.getEmptyArgsInstance()Lru/nkz/ivcgzo/thriftViewSelect/ThriftViewSelect$isClassifierPcodInteger_args;+0
j  ru.nkz.ivcgzo.thriftViewSelect.ThriftViewSelect$Processor$isClassifierPcodInteger.getEmptyArgsInstance()Lorg/apache/thrift/TBase;+1
j  org.apache.thrift.ProcessFunction.process(ILorg/apache/thrift/protocol/TProtocol;Lorg/apache/thrift/protocol/TProtocol;Ljava/lang/Object;)V+1
j  org.apache.thrift.TBaseProcessor.process(Lorg/apache/thrift/protocol/TProtocol;Lorg/apache/thrift/protocol/TProtocol;)Z+126
j  org.apache.thrift.server.AbstractNonblockingServer$FrameBuffer.invoke()V+49
j  org.apache.thrift.server.Invocation.run()V+4
j  java.util.concurrent.ThreadPoolExecutor.runWorker(Ljava/util/concurrent/ThreadPoolExecutor$Worker;)V+46
j  java.util.concurrent.ThreadPoolExecutor$Worker.run()V+5
j  java.lang.Thread.run()V+11
v  ~StubRoutines::call_stub

---------------  P R O C E S S  ---------------

Java Threads: ( => current thread )
=>0x00000000025a2800 JavaThread "pool-1-thread-2" [_thread_in_native, id=6139, stack(0x00007fef5b056000,0x00007fef5b157000)]
  0x0000000001e6d000 JavaThread "pool-3-thread-2" [_thread_blocked, id=6138, stack(0x00007fef5b157000,0x00007fef5b258000)]
  0x0000000001e25800 JavaThread "pool-1-thread-1" [_thread_blocked, id=5926, stack(0x00007fef5b3c8000,0x00007fef5b4c9000)]
  0x00000000020c3800 JavaThread "pool-3-thread-1" [_thread_blocked, id=5925, stack(0x00007fef5b4c9000,0x00007fef5b5ca000)]
  0x00007fef5c16e800 JavaThread "Thread-18" [_thread_in_native, id=5892, stack(0x00007fef5b5f6000,0x00007fef5b6f7000)]
  0x00000000020bc800 JavaThread "Thread-17" [_thread_in_native, id=5891, stack(0x00007fef5b6f7000,0x00007fef5b7f8000)]
  0x00007fef5c16d000 JavaThread "Thread-10" [_thread_in_native, id=5890, stack(0x00007fef5b7f8000,0x00007fef5b8f9000)]
  0x00000000020c7800 JavaThread "Thread-9" [_thread_in_native, id=5889, stack(0x00007fef5b8f9000,0x00007fef5b9fa000)]
  0x00007fef5c16b000 JavaThread "Thread-7" [_thread_in_native, id=5888, stack(0x00007fef5b9fa000,0x00007fef5bafb000)]
  0x00000000020c5800 JavaThread "Thread-15" [_thread_in_native, id=5887, stack(0x00007fef5bafb000,0x00007fef5bbfc000)]
  0x00007fef5c169000 JavaThread "Thread-19" [_thread_in_native, id=5886, stack(0x00007fef5bbfc000,0x00007fef5bcfd000)]
  0x00007fef5c167000 JavaThread "Thread-12" [_thread_in_native, id=5885, stack(0x00007fef5bcfd000,0x00007fef5bdfe000)]
  0x00007fef5c165000 JavaThread "Thread-13" [_thread_in_native, id=5884, stack(0x00007fef5bdfe000,0x00007fef5beff000)]
  0x00000000020ba000 JavaThread "Thread-20" [_thread_in_native, id=5883, stack(0x00007fef5beff000,0x00007fef5c000000)]
  0x0000000002013800 JavaThread "Thread-8" [_thread_in_native, id=5882, stack(0x00007fef60023000,0x00007fef60124000)]
  0x0000000002017000 JavaThread "Thread-14" [_thread_in_native, id=5881, stack(0x00007fef60124000,0x00007fef60225000)]
  0x00007fef5c156800 JavaThread "Thread-16" [_thread_in_native, id=5880, stack(0x00007fef60225000,0x00007fef60326000)]
  0x00007fef5c155800 JavaThread "Thread-6" [_thread_in_native, id=5879, stack(0x00007fef60326000,0x00007fef60427000)]
  0x00007fef5c154800 JavaThread "Thread-11" [_thread_in_native, id=5878, stack(0x00007fef60427000,0x00007fef60528000)]
  0x0000000001fe0800 JavaThread "Thread-3" [_thread_in_native, id=5877, stack(0x00007fef60528000,0x00007fef60629000)]
  0x00007fef5c0bd800 JavaThread "Thread-4" [_thread_blocked, id=5876, stack(0x00007fef60629000,0x00007fef6072a000)]
  0x00007fef5c0be800 JavaThread "Thread-5" [_thread_blocked, id=5875, stack(0x00007fef6072a000,0x00007fef6082b000)]
  0x00007fef5c088000 JavaThread "Thread-0" [_thread_blocked, id=5874, stack(0x00007fef6082b000,0x00007fef6092c000)]
  0x00007fef5c087000 JavaThread "Thread-1" [_thread_blocked, id=5873, stack(0x00007fef6092c000,0x00007fef60a2d000)]
  0x00007fef5c0b8000 JavaThread "Thread-2" [_thread_blocked, id=5872, stack(0x00007fef60a2d000,0x00007fef60b2e000)]
  0x0000000001d8e000 JavaThread "Service Thread" daemon [_thread_blocked, id=5870, stack(0x00007fef610c2000,0x00007fef611c3000)]
  0x0000000001d83000 JavaThread "C2 CompilerThread1" daemon [_thread_blocked, id=5869, stack(0x00007fef611c3000,0x00007fef612c4000)]
  0x0000000001d80000 JavaThread "C2 CompilerThread0" daemon [_thread_blocked, id=5868, stack(0x00007fef612c4000,0x00007fef613c5000)]
  0x0000000001d7d800 JavaThread "Signal Dispatcher" daemon [_thread_blocked, id=5867, stack(0x00007fef613c5000,0x00007fef614c6000)]
  0x0000000001d2c000 JavaThread "Finalizer" daemon [_thread_blocked, id=5866, stack(0x00007fef62273000,0x00007fef62374000)]
  0x0000000001d2a000 JavaThread "Reference Handler" daemon [_thread_blocked, id=5865, stack(0x00007fef62374000,0x00007fef62475000)]
  0x0000000001c9e000 JavaThread "main" [_thread_blocked, id=5857, stack(0x00007fef69d01000,0x00007fef69e02000)]

Other Threads:
  0x0000000001d22000 VMThread [stack: 0x00007fef62475000,0x00007fef62576000] [id=5864]
  0x0000000001d98800 WatcherThread [stack: 0x00007fef60fc1000,0x00007fef610c2000] [id=5871]

VM state:not at safepoint (normal execution)

VM Mutex/Monitor currently owned by a thread: None

Heap
 PSYoungGen      total 18048K, used 11483K [0x00000000ebd60000, 0x00000000ed180000, 0x0000000100000000)
  eden space 15488K, 57% used [0x00000000ebd60000,0x00000000ec6192f0,0x00000000ecc80000)
  from space 2560K, 99% used [0x00000000ecf00000,0x00000000ed17dbd8,0x00000000ed180000)
  to   space 2560K, 0% used [0x00000000ecc80000,0x00000000ecc80000,0x00000000ecf00000)
 ParOldGen       total 41344K, used 3016K [0x00000000c3800000, 0x00000000c6060000, 0x00000000ebd60000)
  object space 41344K, 7% used [0x00000000c3800000,0x00000000c3af21d0,0x00000000c6060000)
 PSPermGen       total 21248K, used 8350K [0x00000000be600000, 0x00000000bfac0000, 0x00000000c3800000)
  object space 21248K, 39% used [0x00000000be600000,0x00000000bee27a70,0x00000000bfac0000)

Code Cache  [0x00007fef66053000, 0x00007fef662c3000, 0x00007fef69053000)
 total_blobs=429 nmethods=160 adapters=221 free_code_cache=48413Kb largest_free_block=49524288

Compilation events (10 events):
Event: 13.239 Thread 0x0000000001d80000 nmethod 157 0x00007fef66100a10 code [0x00007fef66100b40, 0x00007fef66100b98]
Event: 13.239 Thread 0x0000000001d80000  158             ru.nkz.ivcgzo.thriftCommon.classifier.StringClassifier::access$400 (4 bytes)
Event: 13.239 Thread 0x0000000001d80000 nmethod 158 0x00007fef66100810 code [0x00007fef66100940, 0x00007fef66100998]
Event: 13.239 Thread 0x0000000001d80000  159             ru.nkz.ivcgzo.thriftCommon.classifier.StringClassifier::access$500 (4 bytes)
Event: 13.239 Thread 0x0000000001d80000 nmethod 159 0x00007fef66100610 code [0x00007fef66100740, 0x00007fef66100798]
Event: 13.242 Thread 0x0000000001d83000 nmethod 155 0x00007fef66104c50 code [0x00007fef66104f00, 0x00007fef661057c0]
Event: 21.502 Thread 0x0000000001d80000  160             java.lang.String::indexOf (7 bytes)
Event: 21.504 Thread 0x0000000001d80000 nmethod 160 0x00007fef66100250 code [0x00007fef661003a0, 0x00007fef66100528]
Event: 35.814 Thread 0x0000000001d80000  161   !         org.postgresql.core.v3.QueryExecutorImpl::processResults (2045 bytes)
Event: 35.985 Thread 0x0000000001d80000 nmethod 161 0x00007fef6610bb90 code [0x00007fef6610c780, 0x00007fef661110a8]

GC Heap History (4 events):
Event: 12.480 GC heap before
{Heap before GC invocations=1 (full 0):
 PSYoungGen      total 18048K, used 15488K [0x00000000ebd60000, 0x00000000ed180000, 0x0000000100000000)
  eden space 15488K, 100% used [0x00000000ebd60000,0x00000000ecc80000,0x00000000ecc80000)
  from space 2560K, 0% used [0x00000000ecf00000,0x00000000ecf00000,0x00000000ed180000)
  to   space 2560K, 0% used [0x00000000ecc80000,0x00000000ecc80000,0x00000000ecf00000)
 ParOldGen       total 41344K, used 0K [0x00000000c3800000, 0x00000000c6060000, 0x00000000ebd60000)
  object space 41344K, 0% used [0x00000000c3800000,0x00000000c3800000,0x00000000c6060000)
 PSPermGen       total 21248K, used 7704K [0x00000000be600000, 0x00000000bfac0000, 0x00000000c3800000)
  object space 21248K, 36% used [0x00000000be600000,0x00000000bed86070,0x00000000bfac0000)
Event: 12.485 GC heap after
Heap after GC invocations=1 (full 0):
 PSYoungGen      total 18048K, used 2553K [0x00000000ebd60000, 0x00000000ed180000, 0x0000000100000000)
  eden space 15488K, 0% used [0x00000000ebd60000,0x00000000ebd60000,0x00000000ecc80000)
  from space 2560K, 99% used [0x00000000ecc80000,0x00000000ecefe5c8,0x00000000ecf00000)
  to   space 2560K, 0% used [0x00000000ecf00000,0x00000000ecf00000,0x00000000ed180000)
 ParOldGen       total 41344K, used 491K [0x00000000c3800000, 0x00000000c6060000, 0x00000000ebd60000)
  object space 41344K, 1% used [0x00000000c3800000,0x00000000c387aeb0,0x00000000c6060000)
 PSPermGen       total 21248K, used 7704K [0x00000000be600000, 0x00000000bfac0000, 0x00000000c3800000)
  object space 21248K, 36% used [0x00000000be600000,0x00000000bed86070,0x00000000bfac0000)
}
Event: 13.168 GC heap before
{Heap before GC invocations=2 (full 0):
 PSYoungGen      total 18048K, used 17248K [0x00000000ebd60000, 0x00000000ed180000, 0x0000000100000000)
  eden space 15488K, 94% used [0x00000000ebd60000,0x00000000ecbb9d50,0x00000000ecc80000)
  from space 2560K, 99% used [0x00000000ecc80000,0x00000000ecefe5c8,0x00000000ecf00000)
  to   space 2560K, 0% used [0x00000000ecf00000,0x00000000ecf00000,0x00000000ed180000)
 ParOldGen       total 41344K, used 491K [0x00000000c3800000, 0x00000000c6060000, 0x00000000ebd60000)
  object space 41344K, 1% used [0x00000000c3800000,0x00000000c387aeb0,0x00000000c6060000)
 PSPermGen       total 21248K, used 8349K [0x00000000be600000, 0x00000000bfac0000, 0x00000000c3800000)
  object space 21248K, 39% used [0x00000000be600000,0x00000000bee27498,0x00000000bfac0000)
Event: 13.176 GC heap after
Heap after GC invocations=2 (full 0):
 PSYoungGen      total 18048K, used 2550K [0x00000000ebd60000, 0x00000000ed180000, 0x0000000100000000)
  eden space 15488K, 0% used [0x00000000ebd60000,0x00000000ebd60000,0x00000000ecc80000)
  from space 2560K, 99% used [0x00000000ecf00000,0x00000000ed17dbd8,0x00000000ed180000)
  to   space 2560K, 0% used [0x00000000ecc80000,0x00000000ecc80000,0x00000000ecf00000)
 ParOldGen       total 41344K, used 3016K [0x00000000c3800000, 0x00000000c6060000, 0x00000000ebd60000)
  object space 41344K, 7% used [0x00000000c3800000,0x00000000c3af21d0,0x00000000c6060000)
 PSPermGen       total 21248K, used 8349K [0x00000000be600000, 0x00000000bfac0000, 0x00000000c3800000)
  object space 21248K, 39% used [0x00000000be600000,0x00000000bee27498,0x00000000bfac0000)
}

Deoptimization events (10 events):
Event: 13.220 Thread 0x0000000002017000 Uncommon trap -34 fr.pc 0x00007fef660d1a84
Event: 13.222 Thread 0x0000000002017000 Uncommon trap -34 fr.pc 0x00007fef660d1a84
Event: 13.222 Thread 0x0000000002017000 Uncommon trap -34 fr.pc 0x00007fef660d1a84
Event: 13.223 Thread 0x0000000002017000 Uncommon trap -34 fr.pc 0x00007fef660d1a84
Event: 35.813 Thread 0x0000000001e6d000 Uncommon trap -83 fr.pc 0x00007fef660d6e28
Event: 35.824 Thread 0x0000000001e6d000 Uncommon trap -34 fr.pc 0x00007fef660f2694
Event: 35.824 Thread 0x0000000001e6d000 Uncommon trap -34 fr.pc 0x00007fef660e3b3c
Event: 35.825 Thread 0x0000000001e6d000 Uncommon trap -83 fr.pc 0x00007fef660efe98
Event: 35.825 Thread 0x0000000001e6d000 Uncommon trap -83 fr.pc 0x00007fef660f3d9c
Event: 36.396 Thread 0x00000000025a2800 Uncommon trap -83 fr.pc 0x00007fef660d5ef0

Internal exceptions (10 events):
Event: 32.509 Thread 0x0000000001c9e000 Threw 0x00000000ec4e2fe8 at /HUDSON/workspace/jdk7u5-2-build-linux-amd64-product/jdk7u5/hotspot/src/share/vm/prims/jni.cpp:715
Event: 33.509 Thread 0x0000000001c9e000 Threw 0x00000000ec4e3750 at /HUDSON/workspace/jdk7u5-2-build-linux-amd64-product/jdk7u5/hotspot/src/share/vm/prims/jni.cpp:715
Event: 34.510 Thread 0x0000000001c9e000 Threw 0x00000000ec4e3eb8 at /HUDSON/workspace/jdk7u5-2-build-linux-amd64-product/jdk7u5/hotspot/src/share/vm/prims/jni.cpp:715
Event: 35.510 Thread 0x0000000001c9e000 Threw 0x00000000ec4e4620 at /HUDSON/workspace/jdk7u5-2-build-linux-amd64-product/jdk7u5/hotspot/src/share/vm/prims/jni.cpp:715
Event: 35.813 Thread 0x0000000001e6d000 Implicit null exception at 0x00007fef660d6688 to 0x00007fef660d6e01
Event: 35.824 Thread 0x0000000001e6d000 Implicit null exception at 0x00007fef660efba5 to 0x00007fef660efe81
Event: 35.825 Thread 0x0000000001e6d000 Implicit null exception at 0x00007fef660f3610 to 0x00007fef660f3d69
Event: 36.396 Thread 0x00000000025a2800 Implicit null exception at 0x00007fef660d5da8 to 0x00007fef660d5edd
Event: 36.396 Thread 0x00000000025a2800 Threw 0x00000000ec60f140 at /HUDSON/workspace/jdk7u5-2-build-linux-amd64-product/jdk7u5/hotspot/src/share/vm/prims/jvm.cpp:1166
Event: 36.397 Thread 0x00000000025a2800 Threw 0x00000000ec613518 at /HUDSON/workspace/jdk7u5-2-build-linux-amd64-product/jdk7u5/hotspot/src/share/vm/prims/jvm.cpp:1166

Events (10 events):
Event: 35.825 Thread 0x0000000001e6d000 DEOPT UNPACKING pc=0x00007fef6608c145 sp=0x00007fef5b256180 mode 2
Event: 36.393 Executing VM operation: RevokeBias
Event: 36.393 Executing VM operation: RevokeBias done
Event: 36.396 Executing VM operation: RevokeBias
Event: 36.396 Executing VM operation: RevokeBias done
Event: 36.396 Thread 0x00000000025a2800 Thread added: 0x00000000025a2800
Event: 36.396 Thread 0x00000000025a2800 DEOPT PACKING pc=0x00007fef660d5ef0 sp=0x00007fef5b155350
Event: 36.396 Thread 0x00000000025a2800 DEOPT UNPACKING pc=0x00007fef6608c145 sp=0x00007fef5b1552c0 mode 2
Event: 36.396 loading class 0x0000000001f77230
Event: 36.396 loading class 0x0000000001f77230 done


Dynamic libraries:
00400000-00401000 r-xp 00000000 08:02 14024877                           /opt/oracle-jdk-bin-1.7.0.5/bin/java
00600000-00602000 rw-p 00000000 08:02 14024877                           /opt/oracle-jdk-bin-1.7.0.5/bin/java
01c94000-02b93000 rw-p 00000000 00:00 0                                  [heap]
be600000-bfac0000 rw-p 00000000 00:00 0 
bfac0000-c3800000 rw-p 00000000 00:00 0 
c3800000-c6060000 rw-p 00000000 00:00 0 
c6060000-ebd60000 rw-p 00000000 00:00 0 
ebd60000-ed180000 rw-p 00000000 00:00 0 
ed180000-100000000 rw-p 00000000 00:00 0 
3c98000000-3c98016000 r-xp 00000000 08:02 14024711                       /opt/oracle-jdk-bin-1.7.0.5/jre/lib/amd64/jli/libjli.so
3c98016000-3c98215000 ---p 00016000 08:02 14024711                       /opt/oracle-jdk-bin-1.7.0.5/jre/lib/amd64/jli/libjli.so
3c98215000-3c98216000 rw-p 00015000 08:02 14024711                       /opt/oracle-jdk-bin-1.7.0.5/jre/lib/amd64/jli/libjli.so
3ed4e00000-3ed4e20000 r-xp 00000000 08:02 12596507                       /lib64/ld-2.14.1.so
3ed5020000-3ed5021000 r--p 00020000 08:02 12596507                       /lib64/ld-2.14.1.so
3ed5021000-3ed5022000 rw-p 00021000 08:02 12596507                       /lib64/ld-2.14.1.so
3ed5022000-3ed5023000 rw-p 00000000 00:00 0 
3ed5a00000-3ed5a15000 r-xp 00000000 08:02 12583898                       /lib64/libnsl-2.14.1.so
3ed5a15000-3ed5c14000 ---p 00015000 08:02 12583898                       /lib64/libnsl-2.14.1.so
3ed5c14000-3ed5c15000 r--p 00014000 08:02 12583898                       /lib64/libnsl-2.14.1.so
3ed5c15000-3ed5c16000 rw-p 00015000 08:02 12583898                       /lib64/libnsl-2.14.1.so
3ed5c16000-3ed5c18000 rw-p 00000000 00:00 0 
3ed6600000-3ed6782000 r-xp 00000000 08:02 12596508                       /lib64/libc-2.14.1.so
3ed6782000-3ed6982000 ---p 00182000 08:02 12596508                       /lib64/libc-2.14.1.so
3ed6982000-3ed6986000 r--p 00182000 08:02 12596508                       /lib64/libc-2.14.1.so
3ed6986000-3ed6987000 rw-p 00186000 08:02 12596508                       /lib64/libc-2.14.1.so
3ed6987000-3ed698c000 rw-p 00000000 00:00 0 
3ed6a00000-3ed6a82000 r-xp 00000000 08:02 12596509                       /lib64/libm-2.14.1.so
3ed6a82000-3ed6c81000 ---p 00082000 08:02 12596509                       /lib64/libm-2.14.1.so
3ed6c81000-3ed6c82000 r--p 00081000 08:02 12596509                       /lib64/libm-2.14.1.so
3ed6c82000-3ed6c83000 rw-p 00082000 08:02 12596509                       /lib64/libm-2.14.1.so
3ed6e00000-3ed6e17000 r-xp 00000000 08:02 12596510                       /lib64/libpthread-2.14.1.so
3ed6e17000-3ed7016000 ---p 00017000 08:02 12596510                       /lib64/libpthread-2.14.1.so
3ed7016000-3ed7017000 r--p 00016000 08:02 12596510                       /lib64/libpthread-2.14.1.so
3ed7017000-3ed7018000 rw-p 00017000 08:02 12596510                       /lib64/libpthread-2.14.1.so
3ed7018000-3ed701c000 rw-p 00000000 00:00 0 
3ed7200000-3ed7202000 r-xp 00000000 08:02 12596512                       /lib64/libdl-2.14.1.so
3ed7202000-3ed7402000 ---p 00002000 08:02 12596512                       /lib64/libdl-2.14.1.so
3ed7402000-3ed7403000 r--p 00002000 08:02 12596512                       /lib64/libdl-2.14.1.so
3ed7403000-3ed7404000 rw-p 00003000 08:02 12596512                       /lib64/libdl-2.14.1.so
3ed7a00000-3ed7a07000 r-xp 00000000 08:02 12596511                       /lib64/librt-2.14.1.so
3ed7a07000-3ed7c06000 ---p 00007000 08:02 12596511                       /lib64/librt-2.14.1.so
3ed7c06000-3ed7c07000 r--p 00006000 08:02 12596511                       /lib64/librt-2.14.1.so
3ed7c07000-3ed7c08000 rw-p 00007000 08:02 12596511                       /lib64/librt-2.14.1.so
7fef5af1d000-7fef5b056000 rw-p 00000000 00:00 0 
7fef5b056000-7fef5b059000 ---p 00000000 00:00 0 
7fef5b059000-7fef5b157000 rw-p 00000000 00:00 0                          [stack:6139]
7fef5b157000-7fef5b15a000 ---p 00000000 00:00 0 
7fef5b15a000-7fef5b3c8000 rw-p 00000000 00:00 0                          [stack:6138]
7fef5b3c8000-7fef5b3cb000 ---p 00000000 00:00 0 
7fef5b3cb000-7fef5b4c9000 rw-p 00000000 00:00 0                          [stack:5926]
7fef5b4c9000-7fef5b4cc000 ---p 00000000 00:00 0 
7fef5b4cc000-7fef5b5ca000 rw-p 00000000 00:00 0                          [stack:5925]
7fef5b5ca000-7fef5b5f6000 r--p 00000000 08:02 12083561                   /usr/share/locale/ru/LC_MESSAGES/libc.mo
7fef5b5f6000-7fef5b5f9000 ---p 00000000 00:00 0 
7fef5b5f9000-7fef5b6f7000 rw-p 00000000 00:00 0                          [stack:5892]
7fef5b6f7000-7fef5b6fa000 ---p 00000000 00:00 0 
7fef5b6fa000-7fef5b7f8000 rw-p 00000000 00:00 0                          [stack:5891]
7fef5b7f8000-7fef5b7fb000 ---p 00000000 00:00 0 
7fef5b7fb000-7fef5b8f9000 rw-p 00000000 00:00 0                          [stack:5890]
7fef5b8f9000-7fef5b8fc000 ---p 00000000 00:00 0 
7fef5b8fc000-7fef5b9fa000 rw-p 00000000 00:00 0                          [stack:5889]
7fef5b9fa000-7fef5b9fd000 ---p 00000000 00:00 0 
7fef5b9fd000-7fef5bafb000 rw-p 00000000 00:00 0                          [stack:5888]
7fef5bafb000-7fef5bafe000 ---p 00000000 00:00 0 
7fef5bafe000-7fef5bbfc000 rw-p 00000000 00:00 0                          [stack:5887]
7fef5bbfc000-7fef5bbff000 ---p 00000000 00:00 0 
7fef5bbff000-7fef5bcfd000 rw-p 00000000 00:00 0                          [stack:5886]
7fef5bcfd000-7fef5bd00000 ---p 00000000 00:00 0 
7fef5bd00000-7fef5bdfe000 rw-p 00000000 00:00 0                          [stack:5885]
7fef5bdfe000-7fef5be01000 ---p 00000000 00:00 0 
7fef5be01000-7fef5beff000 rw-p 00000000 00:00 0                          [stack:5884]
7fef5beff000-7fef5bf02000 ---p 00000000 00:00 0 
7fef5bf02000-7fef5c000000 rw-p 00000000 00:00 0                          [stack:5883]
7fef5c000000-7fef5c30a000 rw-p 00000000 00:00 0 
7fef5c30a000-7fef60000000 ---p 00000000 00:00 0 
7fef60023000-7fef60026000 ---p 00000000 00:00 0 
7fef60026000-7fef60124000 rw-p 00000000 00:00 0                          [stack:5882]
7fef60124000-7fef60127000 ---p 00000000 00:00 0 
7fef60127000-7fef60225000 rw-p 00000000 00:00 0                          [stack:5881]
7fef60225000-7fef60228000 ---p 00000000 00:00 0 
7fef60228000-7fef60326000 rw-p 00000000 00:00 0                          [stack:5880]
7fef60326000-7fef60329000 ---p 00000000 00:00 0 
7fef60329000-7fef60427000 rw-p 00000000 00:00 0                          [stack:5879]
7fef60427000-7fef6042a000 ---p 00000000 00:00 0 
7fef6042a000-7fef60528000 rw-p 00000000 00:00 0                          [stack:5878]
7fef60528000-7fef6052b000 ---p 00000000 00:00 0 
7fef6052b000-7fef60629000 rw-p 00000000 00:00 0                          [stack:5877]
7fef60629000-7fef6062c000 ---p 00000000 00:00 0 
7fef6062c000-7fef6072a000 rw-p 00000000 00:00 0                          [stack:5876]
7fef6072a000-7fef6072d000 ---p 00000000 00:00 0 
7fef6072d000-7fef6082b000 rw-p 00000000 00:00 0                          [stack:5875]
7fef6082b000-7fef6082e000 ---p 00000000 00:00 0 
7fef6082e000-7fef6092c000 rw-p 00000000 00:00 0                          [stack:5874]
7fef6092c000-7fef6092f000 ---p 00000000 00:00 0 
7fef6092f000-7fef60a2d000 rw-p 00000000 00:00 0                          [stack:5873]
7fef60a2d000-7fef60a30000 ---p 00000000 00:00 0 
7fef60a30000-7fef60b2e000 rw-p 00000000 00:00 0                          [stack:5872]
7fef60b2e000-7fef60b42000 r--s 000fa000 08:02 5380098                    /home/granovsky/workspace/gitrep/muzdrav/manager/plugin/serverLds.jar
7fef60b42000-7fef60b4b000 r--s 00050000 08:02 5380072                    /home/granovsky/workspace/gitrep/muzdrav/manager/plugin/serverAuth.jar
7fef60b4b000-7fef60b51000 r--s 0003d000 08:02 5380188                    /home/granovsky/workspace/gitrep/muzdrav/manager/plugin/serverViewSelect.jar
7fef60b51000-7fef60b65000 r--s 000dd000 08:02 5380059                    /home/granovsky/workspace/gitrep/muzdrav/manager/plugin/serverAdmin.jar
7fef60b65000-7fef60b69000 r--s 00018000 08:02 5380152                    /home/granovsky/workspace/gitrep/muzdrav/manager/plugin/serverOutputInfo.jar
7fef60b69000-7fef60b9a000 rw-p 00000000 00:00 0 
7fef60b9a000-7fef60baf000 r-xp 00000000 08:02 14026830                   /opt/oracle-jdk-bin-1.7.0.5/jre/lib/amd64/libnet.so
7fef60baf000-7fef60daf000 ---p 00015000 08:02 14026830                   /opt/oracle-jdk-bin-1.7.0.5/jre/lib/amd64/libnet.so
7fef60daf000-7fef60db0000 rw-p 00015000 08:02 14026830                   /opt/oracle-jdk-bin-1.7.0.5/jre/lib/amd64/libnet.so
7fef60db0000-7fef60dc0000 r-xp 00000000 08:02 14026827                   /opt/oracle-jdk-bin-1.7.0.5/jre/lib/amd64/libnio.so
7fef60dc0000-7fef60fc0000 ---p 00010000 08:02 14026827                   /opt/oracle-jdk-bin-1.7.0.5/jre/lib/amd64/libnio.so
7fef60fc0000-7fef60fc1000 rw-p 00010000 08:02 14026827                   /opt/oracle-jdk-bin-1.7.0.5/jre/lib/amd64/libnio.so
7fef60fc1000-7fef60fc2000 ---p 00000000 00:00 0 
7fef60fc2000-7fef610c2000 rw-p 00000000 00:00 0                          [stack:5871]
7fef610c2000-7fef610c5000 ---p 00000000 00:00 0 
7fef610c5000-7fef611c3000 rw-p 00000000 00:00 0                          [stack:5870]
7fef611c3000-7fef611c6000 ---p 00000000 00:00 0 
7fef611c6000-7fef612c4000 rw-p 00000000 00:00 0                          [stack:5869]
7fef612c4000-7fef612c7000 ---p 00000000 00:00 0 
7fef612c7000-7fef613c5000 rw-p 00000000 00:00 0                          [stack:5868]
7fef613c5000-7fef613c8000 ---p 00000000 00:00 0 
7fef613c8000-7fef614c6000 rw-p 00000000 00:00 0                          [stack:5867]
7fef614c6000-7fef62273000 r--p 00000000 08:02 6688667                    /usr/lib64/locale/locale-archive
7fef62273000-7fef62276000 ---p 00000000 00:00 0 
7fef62276000-7fef62374000 rw-p 00000000 00:00 0                          [stack:5866]
7fef62374000-7fef62377000 ---p 00000000 00:00 0 
7fef62377000-7fef62475000 rw-p 00000000 00:00 0                          [stack:5865]
7fef62475000-7fef62476000 ---p 00000000 00:00 0 
7fef62476000-7fef62f53000 rw-p 00000000 00:00 0                          [stack:5864]
7fef62f53000-7fef63113000 r--s 03a30000 08:02 14026947                   /opt/oracle-jdk-bin-1.7.0.5/jre/lib/rt.jar
7fef63113000-7fef65a17000 rw-p 00000000 00:00 0 
7fef65a17000-7fef65a18000 ---p 00000000 00:00 0 
7fef65a18000-7fef65b18000 rw-p 00000000 00:00 0                          [stack:5859]
7fef65b18000-7fef65b19000 ---p 00000000 00:00 0 
7fef65b19000-7fef65c24000 rw-p 00000000 00:00 0                          [stack:5858]
7fef65c24000-7fef65c42000 rw-p 00000000 00:00 0 
7fef65c42000-7fef65c57000 rw-p 00000000 00:00 0 
7fef65c57000-7fef65d85000 rw-p 00000000 00:00 0 
7fef65d85000-7fef65d90000 rw-p 00000000 00:00 0 
7fef65d90000-7fef65dae000 rw-p 00000000 00:00 0 
7fef65dae000-7fef65dc3000 rw-p 00000000 00:00 0 
7fef65dc3000-7fef65ef0000 rw-p 00000000 00:00 0 
7fef65ef0000-7fef65efb000 rw-p 00000000 00:00 0 
7fef65efb000-7fef65f92000 rw-p 00000000 00:00 0 
7fef65f92000-7fef65f9d000 rw-p 00000000 00:00 0 
7fef65f9d000-7fef66053000 rw-p 00000000 00:00 0 
7fef66053000-7fef662c3000 rwxp 00000000 00:00 0 
7fef662c3000-7fef69053000 rw-p 00000000 00:00 0 
7fef69053000-7fef6906d000 r-xp 00000000 08:02 14026798                   /opt/oracle-jdk-bin-1.7.0.5/jre/lib/amd64/libzip.so
7fef6906d000-7fef6926d000 ---p 0001a000 08:02 14026798                   /opt/oracle-jdk-bin-1.7.0.5/jre/lib/amd64/libzip.so
7fef6926d000-7fef6926e000 rw-p 0001a000 08:02 14026798                   /opt/oracle-jdk-bin-1.7.0.5/jre/lib/amd64/libzip.so
7fef6926e000-7fef6927a000 r-xp 00000000 08:02 12583918                   /lib64/libnss_files-2.14.1.so
7fef6927a000-7fef69479000 ---p 0000c000 08:02 12583918                   /lib64/libnss_files-2.14.1.so
7fef69479000-7fef6947a000 r--p 0000b000 08:02 12583918                   /lib64/libnss_files-2.14.1.so
7fef6947a000-7fef6947b000 rw-p 0000c000 08:02 12583918                   /lib64/libnss_files-2.14.1.so
7fef6947b000-7fef69485000 r-xp 00000000 08:02 12583924                   /lib64/libnss_nis-2.14.1.so
7fef69485000-7fef69685000 ---p 0000a000 08:02 12583924                   /lib64/libnss_nis-2.14.1.so
7fef69685000-7fef69686000 r--p 0000a000 08:02 12583924                   /lib64/libnss_nis-2.14.1.so
7fef69686000-7fef69687000 rw-p 0000b000 08:02 12583924                   /lib64/libnss_nis-2.14.1.so
7fef69687000-7fef6968e000 r-xp 00000000 08:02 12583914                   /lib64/libnss_compat-2.14.1.so
7fef6968e000-7fef6988d000 ---p 00007000 08:02 12583914                   /lib64/libnss_compat-2.14.1.so
7fef6988d000-7fef6988e000 r--p 00006000 08:02 12583914                   /lib64/libnss_compat-2.14.1.so
7fef6988e000-7fef6988f000 rw-p 00007000 08:02 12583914                   /lib64/libnss_compat-2.14.1.so
7fef6989e000-7fef698a0000 rw-p 00000000 00:00 0 
7fef698a0000-7fef698a7000 r--s 00000000 08:02 6557014                    /usr/lib64/gconv/gconv-modules.cache
7fef698a7000-7fef698b0000 r--s 00254000 08:02 14026997                   /opt/oracle-jdk-bin-1.7.0.5/jre/lib/resources.jar
7fef698b0000-7fef698b6000 r--s 00081000 08:02 4065446                    /home/granovsky/workspace/lib/postgresql-9.1-901.jdbc4.jar
7fef698b6000-7fef698b7000 r--s 00002000 08:02 4065448                    /home/granovsky/workspace/lib/slf4j-log4j12-1.5.8.jar
7fef698b7000-7fef698b8000 r--s 00005000 08:02 4065447                    /home/granovsky/workspace/lib/slf4j-api-1.5.8.jar
7fef698b8000-7fef698bf000 r--s 00051000 08:02 4065444                    /home/granovsky/workspace/lib/log4j-1.2.12.jar
7fef698bf000-7fef698c6000 r--s 0004c000 08:02 4065443                    /home/granovsky/workspace/lib/libthrift-0.8.0.jar
7fef698c6000-7fef698ef000 r-xp 00000000 08:02 14026826                   /opt/oracle-jdk-bin-1.7.0.5/jre/lib/amd64/libjava.so
7fef698ef000-7fef69aef000 ---p 00029000 08:02 14026826                   /opt/oracle-jdk-bin-1.7.0.5/jre/lib/amd64/libjava.so
7fef69aef000-7fef69af1000 rw-p 00029000 08:02 14026826                   /opt/oracle-jdk-bin-1.7.0.5/jre/lib/amd64/libjava.so
7fef69af1000-7fef69b00000 r-xp 00000000 08:02 14026808                   /opt/oracle-jdk-bin-1.7.0.5/jre/lib/amd64/libverify.so
7fef69b00000-7fef69cff000 ---p 0000f000 08:02 14026808                   /opt/oracle-jdk-bin-1.7.0.5/jre/lib/amd64/libverify.so
7fef69cff000-7fef69d01000 rw-p 0000e000 08:02 14026808                   /opt/oracle-jdk-bin-1.7.0.5/jre/lib/amd64/libverify.so
7fef69d01000-7fef69d04000 ---p 00000000 00:00 0 
7fef69d04000-7fef69e02000 rw-p 00000000 00:00 0                          [stack:5857]
7fef69e02000-7fef6a843000 r-xp 00000000 08:02 14026815                   /opt/oracle-jdk-bin-1.7.0.5/jre/lib/amd64/server/libjvm.so
7fef6a843000-7fef6aa42000 ---p 00a41000 08:02 14026815                   /opt/oracle-jdk-bin-1.7.0.5/jre/lib/amd64/server/libjvm.so
7fef6aa42000-7fef6aae6000 rw-p 00a40000 08:02 14026815                   /opt/oracle-jdk-bin-1.7.0.5/jre/lib/amd64/server/libjvm.so
7fef6aae6000-7fef6ab25000 rw-p 00000000 00:00 0 
7fef6ab25000-7fef6ab2a000 r--s 00088000 08:02 14026293                   /opt/oracle-jdk-bin-1.7.0.5/jre/lib/jsse.jar
7fef6ab2a000-7fef6ab52000 rw-p 00000000 00:00 0 
7fef6ab52000-7fef6ab5a000 rw-s 00000000 08:02 3145763                    /tmp/hsperfdata_granovsky/5855
7fef6ab5a000-7fef6ab5b000 rw-p 00000000 00:00 0 
7fef6ab5b000-7fef6ab5c000 r--p 00000000 00:00 0 
7fef6ab5c000-7fef6ab5d000 rw-p 00000000 00:00 0 
7fffbd596000-7fffbd5b7000 rw-p 00000000 00:00 0                          [stack]
7fffbd5ff000-7fffbd600000 r-xp 00000000 00:00 0                          [vdso]
ffffffffff600000-ffffffffff601000 r-xp 00000000 00:00 0                  [vsyscall]

VM Arguments:
jvm_args: -Dfile.encoding=UTF-8 
java_command: ru.nkz.ivcgzo.managerAuth.ManagerAuth
Launcher Type: SUN_STANDARD

Environment Variables:
JAVA_HOME=/etc/java-config-2/current-system-vm
PATH=/usr/local/bin:/usr/bin:/bin:/opt/bin:/usr/x86_64-pc-linux-gnu/gcc-bin/4.5.3
SHELL=/bin/zsh
DISPLAY=:0

Signal Handlers:
SIGSEGV: [libjvm.so+0x8a0d50], sa_mask[0]=0x7ffbfeff, sa_flags=0x10000004
SIGBUS: [libjvm.so+0x8a0d50], sa_mask[0]=0x7ffbfeff, sa_flags=0x10000004
SIGFPE: [libjvm.so+0x73d6e0], sa_mask[0]=0x7ffbfeff, sa_flags=0x10000004
SIGPIPE: [libjvm.so+0x73d6e0], sa_mask[0]=0x7ffbfeff, sa_flags=0x10000004
SIGXFSZ: [libjvm.so+0x73d6e0], sa_mask[0]=0x7ffbfeff, sa_flags=0x10000004
SIGILL: [libjvm.so+0x73d6e0], sa_mask[0]=0x7ffbfeff, sa_flags=0x10000004
SIGUSR1: SIG_DFL, sa_mask[0]=0x00000000, sa_flags=0x00000000
SIGUSR2: [libjvm.so+0x73d030], sa_mask[0]=0x00000004, sa_flags=0x10000004
SIGHUP: [libjvm.so+0x73f3c0], sa_mask[0]=0x7ffbfeff, sa_flags=0x10000004
SIGINT: [libjvm.so+0x73f3c0], sa_mask[0]=0x7ffbfeff, sa_flags=0x10000004
SIGTERM: [libjvm.so+0x73f3c0], sa_mask[0]=0x7ffbfeff, sa_flags=0x10000004
SIGQUIT: [libjvm.so+0x73f3c0], sa_mask[0]=0x7ffbfeff, sa_flags=0x10000004


---------------  S Y S T E M  ---------------

OS:Calculate Linux Desktop 12.0 KDE

uname:Linux 3.4.5-calculate #1 SMP PREEMPT Thu Jul 19 12:52:07 UTC 2012 x86_64
libc:glibc 2.14.1 NPTL 2.14.1 
rlimit: STACK 8192k, CORE 0k, NPROC 30688, NOFILE 4096, AS infinity
load average:1.77 1.43 1.18

/proc/meminfo:
MemTotal:        3960916 kB
MemFree:         1047852 kB
Buffers:           67740 kB
Cached:          1154492 kB
SwapCached:            0 kB
Active:          1758448 kB
Inactive:         982220 kB
Active(anon):    1520432 kB
Inactive(anon):   129448 kB
Active(file):     238016 kB
Inactive(file):   852772 kB
Unevictable:           4 kB
Mlocked:               4 kB
SwapTotal:       2530300 kB
SwapFree:        2530300 kB
Dirty:              2320 kB
Writeback:             0 kB
AnonPages:       1518748 kB
Mapped:           237444 kB
Shmem:            131108 kB
Slab:              86216 kB
SReclaimable:      61124 kB
SUnreclaim:        25092 kB
KernelStack:        3912 kB
PageTables:        58380 kB
NFS_Unstable:          0 kB
Bounce:                0 kB
WritebackTmp:          0 kB
CommitLimit:     4510756 kB
Committed_AS:    3700480 kB
VmallocTotal:   34359738367 kB
VmallocUsed:      345116 kB
VmallocChunk:   34359391111 kB
DirectMap4k:       12288 kB
DirectMap2M:     4098048 kB


CPU:total 2 (2 cores per cpu, 1 threads per core) family 6 model 42 stepping 7, cmov, cx8, fxsr, mmx, sse, sse2, sse3, ssse3, sse4.1, sse4.2, popcnt, tsc, tscinvbit

/proc/cpuinfo:
processor	: 0
vendor_id	: GenuineIntel
cpu family	: 6
model		: 42
model name	: Intel(R) Celeron(R) CPU G530 @ 2.40GHz
stepping	: 7
microcode	: 0x25
cpu MHz		: 2400.000
cache size	: 2048 KB
physical id	: 0
siblings	: 2
core id		: 0
cpu cores	: 2
apicid		: 0
initial apicid	: 0
fpu		: yes
fpu_exception	: yes
cpuid level	: 13
wp		: yes
flags		: fpu vme de pse tsc msr pae mce cx8 apic sep mtrr pge mca cmov pat pse36 clflush dts acpi mmx fxsr sse sse2 ss ht tm pbe syscall nx rdtscp lm constant_tsc arch_perfmon pebs bts rep_good nopl xtopology nonstop_tsc aperfmperf pni pclmulqdq dtes64 monitor ds_cpl vmx est tm2 ssse3 cx16 xtpr pdcm pcid sse4_1 sse4_2 popcnt tsc_deadline_timer xsave lahf_lm arat epb xsaveopt pln pts dtherm tpr_shadow vnmi flexpriority ept vpid
bogomips	: 4788.87
clflush size	: 64
cache_alignment	: 64
address sizes	: 36 bits physical, 48 bits virtual
power management:

processor	: 1
vendor_id	: GenuineIntel
cpu family	: 6
model		: 42
model name	: Intel(R) Celeron(R) CPU G530 @ 2.40GHz
stepping	: 7
microcode	: 0x25
cpu MHz		: 1600.000
cache size	: 2048 KB
physical id	: 0
siblings	: 2
core id		: 1
cpu cores	: 2
apicid		: 2
initial apicid	: 2
fpu		: yes
fpu_exception	: yes
cpuid level	: 13
wp		: yes
flags		: fpu vme de pse tsc msr pae mce cx8 apic sep mtrr pge mca cmov pat pse36 clflush dts acpi mmx fxsr sse sse2 ss ht tm pbe syscall nx rdtscp lm constant_tsc arch_perfmon pebs bts rep_good nopl xtopology nonstop_tsc aperfmperf pni pclmulqdq dtes64 monitor ds_cpl vmx est tm2 ssse3 cx16 xtpr pdcm pcid sse4_1 sse4_2 popcnt tsc_deadline_timer xsave lahf_lm arat epb xsaveopt pln pts dtherm tpr_shadow vnmi flexpriority ept vpid
bogomips	: 4788.87
clflush size	: 64
cache_alignment	: 64
address sizes	: 36 bits physical, 48 bits virtual
power management:



Memory: 4k page, physical 3960916k(1047852k free), swap 2530300k(2530300k free)

vm_info: Java HotSpot(TM) 64-Bit Server VM (23.1-b03) for linux-amd64 JRE (1.7.0_05-b06), built on Jun 27 2012 00:11:08 by "java_re" with gcc 4.3.0 20080428 (Red Hat 4.3.0-8)

time: Thu Aug  9 16:25:42 2012
elapsed time: 36 seconds

